  stdafx.cpp
  jointfliter.cpp
  kinect.cpp
kinect.cpp(174): warning C4244: “=”: 从“UINT16”转换到“uchar”，可能丢失数据
kinect.cpp(497): warning C4244: “参数”: 从“const float”转换到“int”，可能丢失数据
kinect.cpp(621): warning C4244: “=”: 从“float”转换到“int”，可能丢失数据
kinect.cpp(622): warning C4244: “=”: 从“float”转换到“int”，可能丢失数据
  main.cpp
main.cpp(114): warning C4244: “参数”: 从“double”转换到“int”，可能丢失数据
main.cpp(117): warning C4244: “参数”: 从“double”转换到“int”，可能丢失数据
  MFCKinect.cpp
  MFCKinectDlg.cpp
MFCKinectDlg.cpp(877): warning C4267: “初始化”: 从“size_t”转换到“int”，可能丢失数据
MFCKinectDlg.cpp(877): warning C4267: “初始化”: 从“size_t”转换到“const int”，可能丢失数据
MFCKinectDlg.cpp(906): warning C4267: “初始化”: 从“size_t”转换到“int”，可能丢失数据
MFCKinectDlg.cpp(906): warning C4267: “初始化”: 从“size_t”转换到“const int”，可能丢失数据
MFCKinectDlg.cpp(1241): warning C4267: “初始化”: 从“size_t”转换到“int”，可能丢失数据
MFCKinectDlg.cpp(1241): warning C4267: “初始化”: 从“size_t”转换到“const int”，可能丢失数据
MFCKinectDlg.cpp(1270): warning C4267: “初始化”: 从“size_t”转换到“int”，可能丢失数据
MFCKinectDlg.cpp(1270): warning C4267: “初始化”: 从“size_t”转换到“const int”，可能丢失数据
MFCKinectDlg.cpp(1321): warning C4267: “初始化”: 从“size_t”转换到“int”，可能丢失数据
MFCKinectDlg.cpp(1321): warning C4267: “初始化”: 从“size_t”转换到“const int”，可能丢失数据
MFCKinectDlg.cpp(1411): warning C4267: “初始化”: 从“size_t”转换到“int”，可能丢失数据
MFCKinectDlg.cpp(1411): warning C4267: “初始化”: 从“size_t”转换到“const int”，可能丢失数据
C:\Program Files (x86)\MSBuild\Microsoft.Cpp\v4.0\V140\Microsoft.CppBuild.targets(1189,5): warning MSB8012: TargetPath(C:\Users\AA\Desktop\MFCKinect\MFCKinect\x64\Release\MFCKinect.exe) does not match the Linker's OutputFile property value (C:\Users\AA\Desktop\MFCKinect\MFCKinect\x64\Release\KBC.exe). This may cause your project to build incorrectly. To correct this, please make sure that $(OutDir), $(TargetName) and $(TargetExt) property values match the value specified in %(Link.OutputFile).
C:\Program Files (x86)\MSBuild\Microsoft.Cpp\v4.0\V140\Microsoft.CppBuild.targets(1191,5): warning MSB8012: TargetName(MFCKinect) does not match the Linker's OutputFile property value (KBC). This may cause your project to build incorrectly. To correct this, please make sure that $(OutDir), $(TargetName) and $(TargetExt) property values match the value specified in %(Link.OutputFile).
  正在生成代码
  All 898 functions were compiled because no usable IPDB/IOBJ from previous compilation was found.
  已完成代码的生成
  MFCKinect.vcxproj -> C:\Users\AA\Desktop\MFCKinect\MFCKinect\x64\Release\MFCKinect.exe
