c:\users\aa\desktop\mfckinect\mfckinect\mfckinect\x64\release\mfckinect.pch
c:\users\aa\desktop\mfckinect\mfckinect\mfckinect\x64\release\vc140.pdb
c:\users\aa\desktop\mfckinect\mfckinect\mfckinect\x64\release\stdafx.obj
c:\users\aa\desktop\mfckinect\mfckinect\mfckinect\x64\release\mfckinectdlg.obj
c:\users\aa\desktop\mfckinect\mfckinect\mfckinect\x64\release\mfckinect.obj
c:\users\aa\desktop\mfckinect\mfckinect\mfckinect\x64\release\main.obj
c:\users\aa\desktop\mfckinect\mfckinect\mfckinect\x64\release\kinect.obj
c:\users\aa\desktop\mfckinect\mfckinect\mfckinect\x64\release\jointfliter.obj
c:\users\aa\desktop\mfckinect\mfckinect\x64\release\kbc.exe
c:\users\aa\desktop\mfckinect\mfckinect\x64\release\kbc.ipdb
c:\users\aa\desktop\mfckinect\mfckinect\x64\release\kbc.iobj
c:\users\aa\desktop\mfckinect\mfckinect\x64\release\mfckinect.pdb
c:\users\aa\desktop\mfckinect\mfckinect\mfckinect\x64\release\mfckinect.res
c:\users\aa\desktop\mfckinect\mfckinect\mfckinect\x64\release\mfckinect.tlog\cl.command.1.tlog
c:\users\aa\desktop\mfckinect\mfckinect\mfckinect\x64\release\mfckinect.tlog\cl.read.1.tlog
c:\users\aa\desktop\mfckinect\mfckinect\mfckinect\x64\release\mfckinect.tlog\cl.write.1.tlog
c:\users\aa\desktop\mfckinect\mfckinect\mfckinect\x64\release\mfckinect.tlog\link.command.1.tlog
c:\users\aa\desktop\mfckinect\mfckinect\mfckinect\x64\release\mfckinect.tlog\link.read.1.tlog
c:\users\aa\desktop\mfckinect\mfckinect\mfckinect\x64\release\mfckinect.tlog\link.write.1.tlog
c:\users\aa\desktop\mfckinect\mfckinect\mfckinect\x64\release\mfckinect.tlog\rc.command.1.tlog
c:\users\aa\desktop\mfckinect\mfckinect\mfckinect\x64\release\mfckinect.tlog\rc.read.1.tlog
c:\users\aa\desktop\mfckinect\mfckinect\mfckinect\x64\release\mfckinect.tlog\rc.write.1.tlog
